wandb: [wandb.login()] Loaded credentials for https://api.wandb.ai from /root/.netrc.
wandb: Currently logged in as: 9902030608jac (9902030608jac-fudan) to https://api.wandb.ai. Use `wandb login --relogin` to force relogin
wandb: WARNING Using a boolean value for 'reinit' is deprecated. Use 'return_previous' or 'finish_previous' instead.
wandb: setting up run sv2s0fq1
wandb: Tracking run with wandb version 0.24.0
wandb: Run data is saved locally in /data/jacicon/task2_lerobot_act_calvin/wandb/wandb/run-20260618_082132-sv2s0fq1
wandb: Run `wandb offline` to turn off syncing.
wandb: Syncing run act_ABC_seed42
wandb: ⭐️ View project at https://wandb.ai/9902030608jac-fudan/task2_lerobot_act_calvin
wandb: 🚀 View run at https://wandb.ai/9902030608jac-fudan/task2_lerobot_act_calvin/runs/sv2s0fq1
WARNING:lerobot.configs.policies:Device 'None' is not available. Switching to 'cuda'.
{
  "status": "starting_training",
  "config_snapshot": "/data/jacicon/task2_lerobot_act_calvin/outputs/train/act_ABC_seed42/config_snapshot.yaml",
  "run_name": "act_ABC_seed42",
  "policy_type": "act",
  "train_envs": [
    "A",
    "B",
    "C"
  ],
  "dataset_path": "data/processed/calvin_ABC_lerobot",
  "output_dir": "outputs/train/act_ABC_seed42",
  "batch_size": 128,
  "learning_rate": 0.0001,
  "weight_decay": 1e-05,
  "optimizer": "adamw",
  "loss_function": "action_l1",
  "num_train_steps": 10000,
  "validation_split": 0.1,
  "max_val_batches": 20,
  "chunk_size": 100,
  "temporal_ensemble": true
}
{"step": 1, "train_action_l1_loss": 0.19237273931503296, "total_loss": 81.04557800292969, "val_action_l1_loss": 0.5845680952072143, "val_total_loss": 45.80519523620605, "learning_rate": 0.0001, "time_per_step": 2.4431287040933967}
{"step": 100, "train_action_l1_loss": 0.0894889086484909, "total_loss": 1.4247050285339355, "val_action_l1_loss": "", "val_total_loss": "", "learning_rate": 0.0001, "time_per_step": 0.19743305398151278}
{"step": 200, "train_action_l1_loss": 0.07848689705133438, "total_loss": 0.7859451174736023, "val_action_l1_loss": "", "val_total_loss": "", "learning_rate": 0.0001, "time_per_step": 0.20252025499939919}
{"step": 300, "train_action_l1_loss": 0.07507872581481934, "total_loss": 0.47187668085098267, "val_action_l1_loss": "", "val_total_loss": "", "learning_rate": 0.0001, "time_per_step": 0.19715632987208664}
{"step": 400, "train_action_l1_loss": 0.08122675120830536, "total_loss": 0.2956632375717163, "val_action_l1_loss": "", "val_total_loss": "", "learning_rate": 0.0001, "time_per_step": 0.1956672859378159}
{"step": 500, "train_action_l1_loss": 0.06870700418949127, "total_loss": 0.24540992081165314, "val_action_l1_loss": "", "val_total_loss": "", "learning_rate": 0.0001, "time_per_step": 0.1935106460005045}
{"step": 600, "train_action_l1_loss": 0.0662718415260315, "total_loss": 0.20382153987884521, "val_action_l1_loss": "", "val_total_loss": "", "learning_rate": 0.0001, "time_per_step": 0.19575422396883368}
{"step": 700, "train_action_l1_loss": 0.0636921226978302, "total_loss": 0.1583050787448883, "val_action_l1_loss": "", "val_total_loss": "", "learning_rate": 0.0001, "time_per_step": 0.2055600641760975}
{"step": 800, "train_action_l1_loss": 0.05778352543711662, "total_loss": 0.12620487809181213, "val_action_l1_loss": "", "val_total_loss": "", "learning_rate": 0.0001, "time_per_step": 0.20305568794719875}
{"step": 900, "train_action_l1_loss": 0.06884513050317764, "total_loss": 0.14648455381393433, "val_action_l1_loss": "", "val_total_loss": "", "learning_rate": 0.0001, "time_per_step": 0.19921124586835504}
{"step": 1000, "train_action_l1_loss": 0.06551414728164673, "total_loss": 0.12629447877407074, "val_action_l1_loss": 0.06339734550565482, "val_total_loss": 0.1473010450601578, "learning_rate": 0.0001, "time_per_step": 0.19672143110074103}
{"step": 1100, "train_action_l1_loss": 0.06179836764931679, "total_loss": 0.1211610734462738, "val_action_l1_loss": "", "val_total_loss": "", "learning_rate": 0.0001, "time_per_step": 0.20102857518941164}
{"step": 1200, "train_action_l1_loss": 0.06067562475800514, "total_loss": 0.1110534816980362, "val_action_l1_loss": "", "val_total_loss": "", "learning_rate": 0.0001, "time_per_step": 0.2010454039555043}
{"step": 1300, "train_action_l1_loss": 0.06381691992282867, "total_loss": 0.10596193373203278, "val_action_l1_loss": "", "val_total_loss": "", "learning_rate": 0.0001, "time_per_step": 0.19950684811919928}
{"step": 1400, "train_action_l1_loss": 0.0657425969839096, "total_loss": 0.10754898935556412, "val_action_l1_loss": "", "val_total_loss": "", "learning_rate": 0.0001, "time_per_step": 0.1930967620573938}
{"step": 1500, "train_action_l1_loss": 0.05514399707317352, "total_loss": 0.08716088533401489, "val_action_l1_loss": "", "val_total_loss": "", "learning_rate": 0.0001, "time_per_step": 0.20579162007197738}
{"step": 1600, "train_action_l1_loss": 0.060179419815540314, "total_loss": 0.09432622045278549, "val_action_l1_loss": "", "val_total_loss": "", "learning_rate": 0.0001, "time_per_step": 0.19434494501911104}
{"step": 1700, "train_action_l1_loss": 0.060006555169820786, "total_loss": 0.09351091086864471, "val_action_l1_loss": "", "val_total_loss": "", "learning_rate": 0.0001, "time_per_step": 0.18909442401491106}
{"step": 1800, "train_action_l1_loss": 0.057211171835660934, "total_loss": 0.08452820777893066, "val_action_l1_loss": "", "val_total_loss": "", "learning_rate": 0.0001, "time_per_step": 0.19552728394046426}
{"step": 1900, "train_action_l1_loss": 0.05657833442091942, "total_loss": 0.0859045684337616, "val_action_l1_loss": "", "val_total_loss": "", "learning_rate": 0.0001, "time_per_step": 0.19960929593071342}
{"step": 2000, "train_action_l1_loss": 0.06052873283624649, "total_loss": 0.0836305022239685, "val_action_l1_loss": 0.059345427341759203, "val_total_loss": 0.08281250670552254, "learning_rate": 0.0001, "time_per_step": 0.22281640185974538}
{"step": 2100, "train_action_l1_loss": 0.0539349690079689, "total_loss": 0.07395906746387482, "val_action_l1_loss": "", "val_total_loss": "", "learning_rate": 0.0001, "time_per_step": 0.218060685088858}
{"step": 2200, "train_action_l1_loss": 0.05762220174074173, "total_loss": 0.07753781974315643, "val_action_l1_loss": "", "val_total_loss": "", "learning_rate": 0.0001, "time_per_step": 0.20101450593210757}
{"step": 2300, "train_action_l1_loss": 0.051220472902059555, "total_loss": 0.07338551431894302, "val_action_l1_loss": "", "val_total_loss": "", "learning_rate": 0.0001, "time_per_step": 0.20445728302001953}
{"step": 2400, "train_action_l1_loss": 0.06095203384757042, "total_loss": 0.0756014883518219, "val_action_l1_loss": "", "val_total_loss": "", "learning_rate": 0.0001, "time_per_step": 0.20008123479783535}
{"step": 2500, "train_action_l1_loss": 0.05499723553657532, "total_loss": 0.06689857691526413, "val_action_l1_loss": "", "val_total_loss": "", "learning_rate": 0.0001, "time_per_step": 0.19856146001257002}
{"step": 2600, "train_action_l1_loss": 0.05516168102622032, "total_loss": 0.07105627655982971, "val_action_l1_loss": "", "val_total_loss": "", "learning_rate": 0.0001, "time_per_step": 0.19821506482549012}
{"step": 2700, "train_action_l1_loss": 0.05741950869560242, "total_loss": 0.07106384634971619, "val_action_l1_loss": "", "val_total_loss": "", "learning_rate": 0.0001, "time_per_step": 0.2631424469873309}
{"step": 2800, "train_action_l1_loss": 0.05372394993901253, "total_loss": 0.06785070151090622, "val_action_l1_loss": "", "val_total_loss": "", "learning_rate": 0.0001, "time_per_step": 0.20159665099345148}
{"step": 2900, "train_action_l1_loss": 0.05945439264178276, "total_loss": 0.07095497101545334, "val_action_l1_loss": "", "val_total_loss": "", "learning_rate": 0.0001, "time_per_step": 0.19639214081689715}
{"step": 3000, "train_action_l1_loss": 0.05603013187646866, "total_loss": 0.06473637372255325, "val_action_l1_loss": 0.05575047340244055, "val_total_loss": 0.06374426633119583, "learning_rate": 0.0001, "time_per_step": 0.20590730709955096}
{"step": 3100, "train_action_l1_loss": 0.05784866213798523, "total_loss": 0.06730690598487854, "val_action_l1_loss": "", "val_total_loss": "", "learning_rate": 0.0001, "time_per_step": 0.20362955797463655}
{"step": 3200, "train_action_l1_loss": 0.052135270088911057, "total_loss": 0.05739227682352066, "val_action_l1_loss": "", "val_total_loss": "", "learning_rate": 0.0001, "time_per_step": 0.20435375114902854}
{"step": 3300, "train_action_l1_loss": 0.05484190210700035, "total_loss": 0.06097817420959473, "val_action_l1_loss": "", "val_total_loss": "", "learning_rate": 0.0001, "time_per_step": 0.2032755850814283}
{"step": 3400, "train_action_l1_loss": 0.056728608906269073, "total_loss": 0.06334809213876724, "val_action_l1_loss": "", "val_total_loss": "", "learning_rate": 0.0001, "time_per_step": 0.195156360976398}
{"step": 3500, "train_action_l1_loss": 0.05319506302475929, "total_loss": 0.05888661742210388, "val_action_l1_loss": "", "val_total_loss": "", "learning_rate": 0.0001, "time_per_step": 0.19886267185211182}
{"step": 3600, "train_action_l1_loss": 0.05137336626648903, "total_loss": 0.05922102928161621, "val_action_l1_loss": "", "val_total_loss": "", "learning_rate": 0.0001, "time_per_step": 0.2071063299663365}
{"step": 3700, "train_action_l1_loss": 0.047145623713731766, "total_loss": 0.05507270246744156, "val_action_l1_loss": "", "val_total_loss": "", "learning_rate": 0.0001, "time_per_step": 0.22013390506617725}
{"step": 3800, "train_action_l1_loss": 0.04775984212756157, "total_loss": 0.062111977487802505, "val_action_l1_loss": "", "val_total_loss": "", "learning_rate": 0.0001, "time_per_step": 0.2062286240980029}
{"step": 3900, "train_action_l1_loss": 0.05194820836186409, "total_loss": 0.05980528146028519, "val_action_l1_loss": "", "val_total_loss": "", "learning_rate": 0.0001, "time_per_step": 0.198032554006204}
{"step": 4000, "train_action_l1_loss": 0.05453639477491379, "total_loss": 0.06415167450904846, "val_action_l1_loss": 0.054163751378655436, "val_total_loss": 0.06003331746906042, "learning_rate": 0.0001, "time_per_step": 0.22608899581246078}
{"step": 4100, "train_action_l1_loss": 0.05687924847006798, "total_loss": 0.0635044276714325, "val_action_l1_loss": "", "val_total_loss": "", "learning_rate": 0.0001, "time_per_step": 0.19841897813603282}
{"step": 4200, "train_action_l1_loss": 0.05668973550200462, "total_loss": 0.06027238070964813, "val_action_l1_loss": "", "val_total_loss": "", "learning_rate": 0.0001, "time_per_step": 0.20368156302720308}
{"step": 4300, "train_action_l1_loss": 0.05112268030643463, "total_loss": 0.05523920804262161, "val_action_l1_loss": "", "val_total_loss": "", "learning_rate": 0.0001, "time_per_step": 0.20528406300581992}
{"step": 4400, "train_action_l1_loss": 0.05574876442551613, "total_loss": 0.060554515570402145, "val_action_l1_loss": "", "val_total_loss": "", "learning_rate": 0.0001, "time_per_step": 0.20081368810497224}
{"step": 4500, "train_action_l1_loss": 0.045617230236530304, "total_loss": 0.04976736009120941, "val_action_l1_loss": "", "val_total_loss": "", "learning_rate": 0.0001, "time_per_step": 0.19847454805858433}
{"step": 4600, "train_action_l1_loss": 0.05576823651790619, "total_loss": 0.06286446005105972, "val_action_l1_loss": "", "val_total_loss": "", "learning_rate": 0.0001, "time_per_step": 0.2006377950310707}
{"step": 4700, "train_action_l1_loss": 0.05363404378294945, "total_loss": 0.058599695563316345, "val_action_l1_loss": "", "val_total_loss": "", "learning_rate": 0.0001, "time_per_step": 0.19815678684972227}
{"step": 4800, "train_action_l1_loss": 0.051201410591602325, "total_loss": 0.05750671774148941, "val_action_l1_loss": "", "val_total_loss": "", "learning_rate": 0.0001, "time_per_step": 0.20255529903806746}
{"step": 4900, "train_action_l1_loss": 0.04752134159207344, "total_loss": 0.05073004588484764, "val_action_l1_loss": "", "val_total_loss": "", "learning_rate": 0.0001, "time_per_step": 0.1875266300048679}
{"step": 5000, "train_action_l1_loss": 0.0485469251871109, "total_loss": 0.05316093936562538, "val_action_l1_loss": 0.0534991942346096, "val_total_loss": 0.05727495793253183, "learning_rate": 0.0001, "time_per_step": 0.20886439713649452}
{"step": 5100, "train_action_l1_loss": 0.057555802166461945, "total_loss": 0.06007365509867668, "val_action_l1_loss": "", "val_total_loss": "", "learning_rate": 0.0001, "time_per_step": 0.19024399109184742}
{"step": 5200, "train_action_l1_loss": 0.05087347328662872, "total_loss": 0.05372367799282074, "val_action_l1_loss": "", "val_total_loss": "", "learning_rate": 0.0001, "time_per_step": 0.19867619685828686}
{"step": 5300, "train_action_l1_loss": 0.04848698526620865, "total_loss": 0.05066579207777977, "val_action_l1_loss": "", "val_total_loss": "", "learning_rate": 0.0001, "time_per_step": 0.1981598688289523}
{"step": 5400, "train_action_l1_loss": 0.04424981027841568, "total_loss": 0.0477658249437809, "val_action_l1_loss": "", "val_total_loss": "", "learning_rate": 0.0001, "time_per_step": 0.20880927401594818}
{"step": 5500, "train_action_l1_loss": 0.055630046874284744, "total_loss": 0.05915077030658722, "val_action_l1_loss": "", "val_total_loss": "", "learning_rate": 0.0001, "time_per_step": 0.1985746449790895}
{"step": 5600, "train_action_l1_loss": 0.04814548417925835, "total_loss": 0.05121777579188347, "val_action_l1_loss": "", "val_total_loss": "", "learning_rate": 0.0001, "time_per_step": 0.2434774769935757}
{"step": 5700, "train_action_l1_loss": 0.05151835083961487, "total_loss": 0.05431750416755676, "val_action_l1_loss": "", "val_total_loss": "", "learning_rate": 0.0001, "time_per_step": 0.19992795586585999}
{"step": 5800, "train_action_l1_loss": 0.05043856054544449, "total_loss": 0.05274980887770653, "val_action_l1_loss": "", "val_total_loss": "", "learning_rate": 0.0001, "time_per_step": 0.19768954114988446}
{"step": 5900, "train_action_l1_loss": 0.049747318029403687, "total_loss": 0.05354955792427063, "val_action_l1_loss": "", "val_total_loss": "", "learning_rate": 0.0001, "time_per_step": 0.19575006095692515}
{"step": 6000, "train_action_l1_loss": 0.05290941894054413, "total_loss": 0.055232346057891846, "val_action_l1_loss": 0.051479050517082216, "val_total_loss": 0.05333534050732851, "learning_rate": 0.0001, "time_per_step": 0.21732411300763488}
{"step": 6100, "train_action_l1_loss": 0.0432540699839592, "total_loss": 0.04501267895102501, "val_action_l1_loss": "", "val_total_loss": "", "learning_rate": 0.0001, "time_per_step": 0.1991822908166796}
{"step": 6200, "train_action_l1_loss": 0.04776700586080551, "total_loss": 0.04945783689618111, "val_action_l1_loss": "", "val_total_loss": "", "learning_rate": 0.0001, "time_per_step": 0.19652154110372066}
{"step": 6300, "train_action_l1_loss": 0.05591022968292236, "total_loss": 0.05863332375884056, "val_action_l1_loss": "", "val_total_loss": "", "learning_rate": 0.0001, "time_per_step": 0.19936885102652013}
{"step": 6400, "train_action_l1_loss": 0.05201433226466179, "total_loss": 0.053751446306705475, "val_action_l1_loss": "", "val_total_loss": "", "learning_rate": 0.0001, "time_per_step": 0.20117281191051006}
{"step": 6500, "train_action_l1_loss": 0.0537988618016243, "total_loss": 0.05554499104619026, "val_action_l1_loss": "", "val_total_loss": "", "learning_rate": 0.0001, "time_per_step": 0.20036093494854867}
{"step": 6600, "train_action_l1_loss": 0.05169247090816498, "total_loss": 0.052716318517923355, "val_action_l1_loss": "", "val_total_loss": "", "learning_rate": 0.0001, "time_per_step": 0.2047538310289383}
{"step": 6700, "train_action_l1_loss": 0.04885624349117279, "total_loss": 0.05126361921429634, "val_action_l1_loss": "", "val_total_loss": "", "learning_rate": 0.0001, "time_per_step": 0.19848553114570677}
{"step": 6800, "train_action_l1_loss": 0.04664887115359306, "total_loss": 0.04945622757077217, "val_action_l1_loss": "", "val_total_loss": "", "learning_rate": 0.0001, "time_per_step": 0.19685012800619006}
{"step": 6900, "train_action_l1_loss": 0.04905359074473381, "total_loss": 0.0518760159611702, "val_action_l1_loss": "", "val_total_loss": "", "learning_rate": 0.0001, "time_per_step": 0.2070809139404446}
{"step": 7000, "train_action_l1_loss": 0.05017366632819176, "total_loss": 0.05257094278931618, "val_action_l1_loss": 0.04925381783396006, "val_total_loss": 0.05209340676665306, "learning_rate": 0.0001, "time_per_step": 0.2134264640044421}
{"step": 7100, "train_action_l1_loss": 0.05091956630349159, "total_loss": 0.05376208573579788, "val_action_l1_loss": "", "val_total_loss": "", "learning_rate": 0.0001, "time_per_step": 0.20490987901575863}
{"step": 7200, "train_action_l1_loss": 0.04612956568598747, "total_loss": 0.047911420464515686, "val_action_l1_loss": "", "val_total_loss": "", "learning_rate": 0.0001, "time_per_step": 0.19404127704910934}
{"step": 7300, "train_action_l1_loss": 0.045546844601631165, "total_loss": 0.0473870150744915, "val_action_l1_loss": "", "val_total_loss": "", "learning_rate": 0.0001, "time_per_step": 0.20382199785672128}
{"step": 7400, "train_action_l1_loss": 0.04614994674921036, "total_loss": 0.04765123501420021, "val_action_l1_loss": "", "val_total_loss": "", "learning_rate": 0.0001, "time_per_step": 0.20219975686632097}
{"step": 7500, "train_action_l1_loss": 0.05103492736816406, "total_loss": 0.052097711712121964, "val_action_l1_loss": "", "val_total_loss": "", "learning_rate": 0.0001, "time_per_step": 0.211407289840281}
{"step": 7600, "train_action_l1_loss": 0.04703013598918915, "total_loss": 0.04806927219033241, "val_action_l1_loss": "", "val_total_loss": "", "learning_rate": 0.0001, "time_per_step": 0.19725865591317415}
{"step": 7700, "train_action_l1_loss": 0.04974479600787163, "total_loss": 0.05100918933749199, "val_action_l1_loss": "", "val_total_loss": "", "learning_rate": 0.0001, "time_per_step": 0.196790267014876}
{"step": 7800, "train_action_l1_loss": 0.04887571185827255, "total_loss": 0.049755897372961044, "val_action_l1_loss": "", "val_total_loss": "", "learning_rate": 0.0001, "time_per_step": 0.191490514902398}
{"step": 7900, "train_action_l1_loss": 0.04529383033514023, "total_loss": 0.046076785773038864, "val_action_l1_loss": "", "val_total_loss": "", "learning_rate": 0.0001, "time_per_step": 0.20186347886919975}wandb: uploading history steps 9998-9998, summary, console lines 101-101; uploading artifact act_ABC_seed42_train_metrics; uploading artifact act_ABC_seed42_final_checkpoint; updating run metadata
wandb: uploading history steps 9998-9998, summary, console lines 101-101; uploading artifact act_ABC_seed42_train_metrics; uploading artifact act_ABC_seed42_final_checkpoint; updating run metadata; uploading output.log (+ 1 more)
wandb: uploading artifact act_ABC_seed42_train_metrics; uploading artifact act_ABC_seed42_final_checkpoint; updating run metadata; uploading output.log
wandb: uploading artifact act_ABC_seed42_train_metrics; uploading artifact act_ABC_seed42_final_checkpoint
wandb: uploading artifact act_ABC_seed42_train_metrics; uploading artifact act_ABC_seed42_final_checkpoint; uploading config.yaml
wandb: uploading artifact act_ABC_seed42_train_metrics; uploading artifact act_ABC_seed42_final_checkpoint
wandb: uploading artifact act_ABC_seed42_final_checkpoint
wandb: uploading artifact act_ABC_seed42_final_checkpoint; uploading history steps 9999-9999, summary
wandb: uploading artifact act_ABC_seed42_final_checkpoint
wandb: uploading artifact act_ABC_seed42_final_checkpoint; uploading data
wandb: uploading artifact act_ABC_seed42_final_checkpoint
wandb: uploading artifact act_ABC_seed42_final_checkpoint; uploading data
wandb: uploading artifact act_ABC_seed42_final_checkpoint
wandb: uploading artifact act_ABC_seed42_final_checkpoint; uploading data
wandb: uploading artifact act_ABC_seed42_final_checkpoint
wandb: uploading artifact act_ABC_seed42_final_checkpoint; uploading data
wandb: uploading artifact act_ABC_seed42_final_checkpoint
wandb: uploading artifact act_ABC_seed42_final_checkpoint; uploading data
wandb: uploading artifact act_ABC_seed42_final_checkpoint
wandb: uploading artifact act_ABC_seed42_final_checkpoint; uploading data
wandb: uploading artifact act_ABC_seed42_final_checkpoint
wandb: uploading data
wandb: 
wandb: Run history:
wandb:        train/learning_rate ▁▁▁▁▁▁▁▁▁▁▁▁▁▁▁▁▁▁▁▁▁▁▁▁▁▁▁▁▁▁▁▁▁▁▁▁▁▁▁▁
wandb:        train/time_per_step ▅▆▅▆▆█▆▅▄▆▅▅▆▆▆▅▄▅▄▅▄▅▅▅▅▄▅█▅▅▆▅▆▅▇▄▆▅▅▁
wandb:           train/total_loss █▅▂▁▁▁▁▁▁▁▁▁▁▁▁▁▁▁▁▁▁▁▁▁▁▁▁▁▁▁▁▁▁▁▁▁▁▁▁▁
wandb: train/train_action_l1_loss █▆▇▆▄▄▆▅▄▅▅▄▄▃▄▃▂▃▃▄▄▄▂▄▃▂▃▄▂▃▃▂▂▁▂▂▂▂▂▁
wandb:         val/action_l1_loss █▁▁▁▁▁▁▁▁▁▁
wandb:             val/total_loss █▁▁▁▁▁▁▁▁▁▁
wandb: 
wandb: Run summary:
wandb:        train/learning_rate 0.0001
wandb:        train/time_per_step 0.17443
wandb:           train/total_loss 0.05175
wandb: train/train_action_l1_loss 0.05114
wandb:         val/action_l1_loss 0.04701
wandb:             val/total_loss 0.04743
wandb: 
wandb: 🚀 View run act_ABC_seed42 at: https://wandb.ai/9902030608jac-fudan/task2_lerobot_act_calvin/runs/sv2s0fq1
wandb: ⭐️ View project at: https://wandb.ai/9902030608jac-fudan/task2_lerobot_act_calvin
wandb: Synced 5 W&B file(s), 0 media file(s), 4 artifact file(s) and 0 other file(s)
wandb: Find logs at: ./wandb/wandb/run-20260618_082132-sv2s0fq1/logs

{"step": 8000, "train_action_l1_loss": 0.05051645636558533, "total_loss": 0.05174149572849274, "val_action_l1_loss": 0.04858003575354815, "val_total_loss": 0.04966225810348988, "learning_rate": 0.0001, "time_per_step": 0.20824947813525796}
{"step": 8100, "train_action_l1_loss": 0.04823629558086395, "total_loss": 0.049333326518535614, "val_action_l1_loss": "", "val_total_loss": "", "learning_rate": 0.0001, "time_per_step": 0.20385935390368104}
{"step": 8200, "train_action_l1_loss": 0.041426196694374084, "total_loss": 0.04375569149851799, "val_action_l1_loss": "", "val_total_loss": "", "learning_rate": 0.0001, "time_per_step": 0.19351668911986053}
{"step": 8300, "train_action_l1_loss": 0.05014810711145401, "total_loss": 0.05106380954384804, "val_action_l1_loss": "", "val_total_loss": "", "learning_rate": 0.0001, "time_per_step": 0.20471412898041308}
{"step": 8400, "train_action_l1_loss": 0.04070115089416504, "total_loss": 0.0417323112487793, "val_action_l1_loss": "", "val_total_loss": "", "learning_rate": 0.0001, "time_per_step": 0.1986192101612687}
{"step": 8500, "train_action_l1_loss": 0.04768836870789528, "total_loss": 0.048510972410440445, "val_action_l1_loss": "", "val_total_loss": "", "learning_rate": 0.0001, "time_per_step": 0.1942599208559841}
{"step": 8600, "train_action_l1_loss": 0.049512829631567, "total_loss": 0.051109619438648224, "val_action_l1_loss": "", "val_total_loss": "", "learning_rate": 0.0001, "time_per_step": 0.19183577387593687}
{"step": 8700, "train_action_l1_loss": 0.05040905624628067, "total_loss": 0.05132446438074112, "val_action_l1_loss": "", "val_total_loss": "", "learning_rate": 0.0001, "time_per_step": 0.1968832341954112}
{"step": 8800, "train_action_l1_loss": 0.049154870212078094, "total_loss": 0.04960332438349724, "val_action_l1_loss": "", "val_total_loss": "", "learning_rate": 0.0001, "time_per_step": 0.19830941990949214}
{"step": 8900, "train_action_l1_loss": 0.043696653097867966, "total_loss": 0.04485313966870308, "val_action_l1_loss": "", "val_total_loss": "", "learning_rate": 0.0001, "time_per_step": 0.2124943931121379}
{"step": 9000, "train_action_l1_loss": 0.05117683857679367, "total_loss": 0.052342236042022705, "val_action_l1_loss": 0.047551083751022814, "val_total_loss": 0.04843469467014074, "learning_rate": 0.0001, "time_per_step": 0.20001303986646235}
{"step": 9100, "train_action_l1_loss": 0.048583079129457474, "total_loss": 0.05060586333274841, "val_action_l1_loss": "", "val_total_loss": "", "learning_rate": 0.0001, "time_per_step": 0.20530272996984422}
{"step": 9200, "train_action_l1_loss": 0.04240281134843826, "total_loss": 0.04357990622520447, "val_action_l1_loss": "", "val_total_loss": "", "learning_rate": 0.0001, "time_per_step": 0.19498772593215108}
{"step": 9300, "train_action_l1_loss": 0.04656243324279785, "total_loss": 0.047560758888721466, "val_action_l1_loss": "", "val_total_loss": "", "learning_rate": 0.0001, "time_per_step": 0.1997374549973756}
{"step": 9400, "train_action_l1_loss": 0.0432070717215538, "total_loss": 0.04369433596730232, "val_action_l1_loss": "", "val_total_loss": "", "learning_rate": 0.0001, "time_per_step": 0.20765749691054225}
{"step": 9500, "train_action_l1_loss": 0.04357098042964935, "total_loss": 0.044152047485113144, "val_action_l1_loss": "", "val_total_loss": "", "learning_rate": 0.0001, "time_per_step": 0.17768881400115788}
{"step": 9600, "train_action_l1_loss": 0.04660375416278839, "total_loss": 0.04767758771777153, "val_action_l1_loss": "", "val_total_loss": "", "learning_rate": 0.0001, "time_per_step": 0.1724553380627185}
{"step": 9700, "train_action_l1_loss": 0.04236910492181778, "total_loss": 0.04281066730618477, "val_action_l1_loss": "", "val_total_loss": "", "learning_rate": 0.0001, "time_per_step": 0.16698734601959586}
{"step": 9800, "train_action_l1_loss": 0.052160829305648804, "total_loss": 0.052785474807024, "val_action_l1_loss": "", "val_total_loss": "", "learning_rate": 0.0001, "time_per_step": 0.17384528717957437}
{"step": 9900, "train_action_l1_loss": 0.04570769518613815, "total_loss": 0.04607968032360077, "val_action_l1_loss": "", "val_total_loss": "", "learning_rate": 0.0001, "time_per_step": 0.17324395710602403}
{"step": 10000, "train_action_l1_loss": 0.05113742873072624, "total_loss": 0.05174790695309639, "val_action_l1_loss": 0.047009489871561526, "val_total_loss": 0.04743169322609901, "learning_rate": 0.0001, "time_per_step": 0.17443329212255776}
{
  "status": "ok",
  "run_name": "act_ABC_seed42",
  "num_train_steps": 10000,
  "metrics_path": "/data/jacicon/task2_lerobot_act_calvin/outputs/train/act_ABC_seed42/train_metrics.csv",
  "last_periodic_checkpoint": "/data/jacicon/task2_lerobot_act_calvin/outputs/train/act_ABC_seed42/checkpoints/step_010000",
  "final_checkpoint": "/data/jacicon/task2_lerobot_act_calvin/outputs/train/act_ABC_seed42/checkpoints/final",
  "device": "cuda",
  "dataset_size": 1071743,
  "train_dataset_size": 964569,
  "val_dataset_size": 107174,
  "wandb_run_url": "https://wandb.ai/9902030608jac-fudan/task2_lerobot_act_calvin/runs/sv2s0fq1",
  "config_snapshot": "/data/jacicon/task2_lerobot_act_calvin/outputs/train/act_ABC_seed42/config_snapshot.yaml"
}
