nohup: ignoring input
wandb: [wandb.login()] Loaded credentials for https://api.wandb.ai from /root/.netrc.
wandb: Currently logged in as: 9902030608jac (9902030608jac-fudan) to https://api.wandb.ai. Use `wandb login --relogin` to force relogin
wandb: WARNING Using a boolean value for 'reinit' is deprecated. Use 'return_previous' or 'finish_previous' instead.
wandb: setting up run shgsul6g
wandb: Tracking run with wandb version 0.24.0
wandb: Run data is saved locally in /data/jacicon/task2_lerobot_act_calvin/wandb/wandb/run-20260618_094641-shgsul6g
wandb: Run `wandb offline` to turn off syncing.
wandb: Syncing run act_ABC_seed45
wandb: ⭐️ View project at https://wandb.ai/9902030608jac-fudan/task2_lerobot_act_calvin
wandb: 🚀 View run at https://wandb.ai/9902030608jac-fudan/task2_lerobot_act_calvin/runs/shgsul6g
WARNING:lerobot.configs.policies:Device 'None' is not available. Switching to 'cuda'.
{
  "status": "starting_training",
  "config_snapshot": "/data/jacicon/task2_lerobot_act_calvin/outputs/train/act_ABC_seed45/config_snapshot.yaml",
  "run_name": "act_ABC_seed45",
  "policy_type": "act",
  "train_envs": [
    "A",
    "B",
    "C"
  ],
  "dataset_path": "data/processed/calvin_ABC_lerobot",
  "output_dir": "outputs/train/act_ABC_seed45",
  "batch_size": 128,
  "learning_rate": 0.0001,
  "weight_decay": 1e-05,
  "optimizer": "adamw",
  "loss_function": "action_l1",
  "num_train_steps": 10000,
  "validation_split": 0.1,
  "max_val_batches": 20,
  "chunk_size": 100,
  "temporal_ensemble": true
}
{"step": 1, "train_action_l1_loss": 0.13691802322864532, "total_loss": 94.49537658691406, "val_action_l1_loss": 0.7140856146812439, "val_total_loss": 45.25047931671143, "learning_rate": 0.0001, "time_per_step": 2.454331435961649}
{"step": 100, "train_action_l1_loss": 0.08623920381069183, "total_loss": 1.4274200201034546, "val_action_l1_loss": "", "val_total_loss": "", "learning_rate": 0.0001, "time_per_step": 0.19770824699662626}
{"step": 200, "train_action_l1_loss": 0.07675477117300034, "total_loss": 0.7120915055274963, "val_action_l1_loss": "", "val_total_loss": "", "learning_rate": 0.0001, "time_per_step": 0.20094383717514575}
{"step": 300, "train_action_l1_loss": 0.08044733852148056, "total_loss": 0.45689067244529724, "val_action_l1_loss": "", "val_total_loss": "", "learning_rate": 0.0001, "time_per_step": 0.19264908111654222}
{"step": 400, "train_action_l1_loss": 0.06862163543701172, "total_loss": 0.2981613874435425, "val_action_l1_loss": "", "val_total_loss": "", "learning_rate": 0.0001, "time_per_step": 0.19646403286606073}
{"step": 500, "train_action_l1_loss": 0.058089107275009155, "total_loss": 0.22550413012504578, "val_action_l1_loss": "", "val_total_loss": "", "learning_rate": 0.0001, "time_per_step": 0.19432919705286622}
{"step": 600, "train_action_l1_loss": 0.06077371910214424, "total_loss": 0.18303531408309937, "val_action_l1_loss": "", "val_total_loss": "", "learning_rate": 0.0001, "time_per_step": 0.20531623507849872}
{"step": 700, "train_action_l1_loss": 0.0567590557038784, "total_loss": 0.1793285757303238, "val_action_l1_loss": "", "val_total_loss": "", "learning_rate": 0.0001, "time_per_step": 0.2037492508534342}
{"step": 800, "train_action_l1_loss": 0.0638805478811264, "total_loss": 0.14677654206752777, "val_action_l1_loss": "", "val_total_loss": "", "learning_rate": 0.0001, "time_per_step": 0.23109459318220615}
{"step": 900, "train_action_l1_loss": 0.05941123887896538, "total_loss": 0.13437357544898987, "val_action_l1_loss": "", "val_total_loss": "", "learning_rate": 0.0001, "time_per_step": 0.1925378111191094}
{"step": 1000, "train_action_l1_loss": 0.05754910036921501, "total_loss": 0.12236352264881134, "val_action_l1_loss": 0.060773166455328466, "val_total_loss": 0.1206071574240923, "learning_rate": 0.0001, "time_per_step": 0.18646982591599226}
{"step": 1100, "train_action_l1_loss": 0.0678323283791542, "total_loss": 0.13042119145393372, "val_action_l1_loss": "", "val_total_loss": "", "learning_rate": 0.0001, "time_per_step": 0.198722142027691}
{"step": 1200, "train_action_l1_loss": 0.059682343155145645, "total_loss": 0.10233120620250702, "val_action_l1_loss": "", "val_total_loss": "", "learning_rate": 0.0001, "time_per_step": 0.19723610184155405}
{"step": 1300, "train_action_l1_loss": 0.05595021694898605, "total_loss": 0.10688826441764832, "val_action_l1_loss": "", "val_total_loss": "", "learning_rate": 0.0001, "time_per_step": 0.19410307402722538}
{"step": 1400, "train_action_l1_loss": 0.05777125805616379, "total_loss": 0.10486581921577454, "val_action_l1_loss": "", "val_total_loss": "", "learning_rate": 0.0001, "time_per_step": 0.19583291606977582}
{"step": 1500, "train_action_l1_loss": 0.05762209743261337, "total_loss": 0.09520523250102997, "val_action_l1_loss": "", "val_total_loss": "", "learning_rate": 0.0001, "time_per_step": 0.2061642890330404}
{"step": 1600, "train_action_l1_loss": 0.06352557241916656, "total_loss": 0.10431136190891266, "val_action_l1_loss": "", "val_total_loss": "", "learning_rate": 0.0001, "time_per_step": 0.2045380671042949}
{"step": 1700, "train_action_l1_loss": 0.05690046027302742, "total_loss": 0.129554882645607, "val_action_l1_loss": "", "val_total_loss": "", "learning_rate": 0.0001, "time_per_step": 0.20500087295658886}
{"step": 1800, "train_action_l1_loss": 0.05323217064142227, "total_loss": 0.08224885910749435, "val_action_l1_loss": "", "val_total_loss": "", "learning_rate": 0.0001, "time_per_step": 0.20506726205348969}
{"step": 1900, "train_action_l1_loss": 0.059272389858961105, "total_loss": 0.08450610935688019, "val_action_l1_loss": "", "val_total_loss": "", "learning_rate": 0.0001, "time_per_step": 0.18387905484996736}
{"step": 2000, "train_action_l1_loss": 0.05855020880699158, "total_loss": 0.09126614779233932, "val_action_l1_loss": 0.057759834080934526, "val_total_loss": 0.08836659789085388, "learning_rate": 0.0001, "time_per_step": 0.20522844116203487}
{"step": 2100, "train_action_l1_loss": 0.05768108740448952, "total_loss": 0.08280982077121735, "val_action_l1_loss": "", "val_total_loss": "", "learning_rate": 0.0001, "time_per_step": 0.203802356030792}
{"step": 2200, "train_action_l1_loss": 0.05635641887784004, "total_loss": 0.07604772597551346, "val_action_l1_loss": "", "val_total_loss": "", "learning_rate": 0.0001, "time_per_step": 0.19958096486516297}
{"step": 2300, "train_action_l1_loss": 0.05723607540130615, "total_loss": 0.08088701218366623, "val_action_l1_loss": "", "val_total_loss": "", "learning_rate": 0.0001, "time_per_step": 0.20719600096344948}
{"step": 2400, "train_action_l1_loss": 0.05457460507750511, "total_loss": 0.07043752819299698, "val_action_l1_loss": "", "val_total_loss": "", "learning_rate": 0.0001, "time_per_step": 0.20153993112035096}
{"step": 2500, "train_action_l1_loss": 0.05758056417107582, "total_loss": 0.07308690249919891, "val_action_l1_loss": "", "val_total_loss": "", "learning_rate": 0.0001, "time_per_step": 0.2025221330113709}
{"step": 2600, "train_action_l1_loss": 0.05781807377934456, "total_loss": 0.08124784380197525, "val_action_l1_loss": "", "val_total_loss": "", "learning_rate": 0.0001, "time_per_step": 0.200746568152681}
{"step": 2700, "train_action_l1_loss": 0.05066259205341339, "total_loss": 0.06216593086719513, "val_action_l1_loss": "", "val_total_loss": "", "learning_rate": 0.0001, "time_per_step": 0.26809068117290735}
{"step": 2800, "train_action_l1_loss": 0.055366236716508865, "total_loss": 0.06633797287940979, "val_action_l1_loss": "", "val_total_loss": "", "learning_rate": 0.0001, "time_per_step": 0.20837264298461378}
{"step": 2900, "train_action_l1_loss": 0.05338704586029053, "total_loss": 0.0662514865398407, "val_action_l1_loss": "", "val_total_loss": "", "learning_rate": 0.0001, "time_per_step": 0.1952501628547907}
{"step": 3000, "train_action_l1_loss": 0.06111402064561844, "total_loss": 0.07601068168878555, "val_action_l1_loss": 0.053547663427889344, "val_total_loss": 0.06618313454091548, "learning_rate": 0.0001, "time_per_step": 0.1982507270295173}
{"step": 3100, "train_action_l1_loss": 0.0507253035902977, "total_loss": 0.06143736466765404, "val_action_l1_loss": "", "val_total_loss": "", "learning_rate": 0.0001, "time_per_step": 0.19912441703490913}
{"step": 3200, "train_action_l1_loss": 0.057749416679143906, "total_loss": 0.07216663658618927, "val_action_l1_loss": "", "val_total_loss": "", "learning_rate": 0.0001, "time_per_step": 0.20195890706963837}
{"step": 3300, "train_action_l1_loss": 0.05556594952940941, "total_loss": 0.0655529573559761, "val_action_l1_loss": "", "val_total_loss": "", "learning_rate": 0.0001, "time_per_step": 0.20861487300135195}
{"step": 3400, "train_action_l1_loss": 0.06084688380360603, "total_loss": 0.07795745879411697, "val_action_l1_loss": "", "val_total_loss": "", "learning_rate": 0.0001, "time_per_step": 0.20681174495257437}
{"step": 3500, "train_action_l1_loss": 0.04862229526042938, "total_loss": 0.057764142751693726, "val_action_l1_loss": "", "val_total_loss": "", "learning_rate": 0.0001, "time_per_step": 0.2028790689073503}
{"step": 3600, "train_action_l1_loss": 0.05092465877532959, "total_loss": 0.058006566017866135, "val_action_l1_loss": "", "val_total_loss": "", "learning_rate": 0.0001, "time_per_step": 0.19294169801287353}
{"step": 3700, "train_action_l1_loss": 0.056741420179605484, "total_loss": 0.07104504108428955, "val_action_l1_loss": "", "val_total_loss": "", "learning_rate": 0.0001, "time_per_step": 0.2006437899544835}
{"step": 3800, "train_action_l1_loss": 0.05137796700000763, "total_loss": 0.05981938913464546, "val_action_l1_loss": "", "val_total_loss": "", "learning_rate": 0.0001, "time_per_step": 0.20411818008869886}
{"step": 3900, "train_action_l1_loss": 0.0575060173869133, "total_loss": 0.06444422155618668, "val_action_l1_loss": "", "val_total_loss": "", "learning_rate": 0.0001, "time_per_step": 0.20141188614070415}
{"step": 4000, "train_action_l1_loss": 0.04688975587487221, "total_loss": 0.05258734151721001, "val_action_l1_loss": 0.051652456633746624, "val_total_loss": 0.05917862895876169, "learning_rate": 0.0001, "time_per_step": 0.22014814987778664}
{"step": 4100, "train_action_l1_loss": 0.04915742948651314, "total_loss": 0.05689798295497894, "val_action_l1_loss": "", "val_total_loss": "", "learning_rate": 0.0001, "time_per_step": 0.20159889897331595}
{"step": 4200, "train_action_l1_loss": 0.05482403188943863, "total_loss": 0.06528278440237045, "val_action_l1_loss": "", "val_total_loss": "", "learning_rate": 0.0001, "time_per_step": 0.19776228512637317}
{"step": 4300, "train_action_l1_loss": 0.059035852551460266, "total_loss": 0.06401868909597397, "val_action_l1_loss": "", "val_total_loss": "", "learning_rate": 0.0001, "time_per_step": 0.20443828706629574}
{"step": 4400, "train_action_l1_loss": 0.0561022087931633, "total_loss": 0.07109494507312775, "val_action_l1_loss": "", "val_total_loss": "", "learning_rate": 0.0001, "time_per_step": 0.19377427408471704}
{"step": 4500, "train_action_l1_loss": 0.049749813973903656, "total_loss": 0.060377199202775955, "val_action_l1_loss": "", "val_total_loss": "", "learning_rate": 0.0001, "time_per_step": 0.19859427399933338}
{"step": 4600, "train_action_l1_loss": 0.05480005592107773, "total_loss": 0.0603640154004097, "val_action_l1_loss": "", "val_total_loss": "", "learning_rate": 0.0001, "time_per_step": 0.21028151200152934}
{"step": 4700, "train_action_l1_loss": 0.051110588014125824, "total_loss": 0.05715522915124893, "val_action_l1_loss": "", "val_total_loss": "", "learning_rate": 0.0001, "time_per_step": 0.19849384506233037}
{"step": 4800, "train_action_l1_loss": 0.04762044548988342, "total_loss": 0.05507262423634529, "val_action_l1_loss": "", "val_total_loss": "", "learning_rate": 0.0001, "time_per_step": 0.19653359800577164}
{"step": 4900, "train_action_l1_loss": 0.055890850722789764, "total_loss": 0.06481281667947769, "val_action_l1_loss": "", "val_total_loss": "", "learning_rate": 0.0001, "time_per_step": 0.1977370218373835}
{"step": 5000, "train_action_l1_loss": 0.051896534860134125, "total_loss": 0.05755448713898659, "val_action_l1_loss": 0.049905593320727346, "val_total_loss": 0.05530770681798458, "learning_rate": 0.0001, "time_per_step": 0.20790301612578332}
{"step": 5100, "train_action_l1_loss": 0.05412781611084938, "total_loss": 0.06046680361032486, "val_action_l1_loss": "", "val_total_loss": "", "learning_rate": 0.0001, "time_per_step": 0.20242326287552714}
{"step": 5200, "train_action_l1_loss": 0.05494476854801178, "total_loss": 0.06012976914644241, "val_action_l1_loss": "", "val_total_loss": "", "learning_rate": 0.0001, "time_per_step": 0.19848546106368303}
{"step": 5300, "train_action_l1_loss": 0.05390714481472969, "total_loss": 0.05775316432118416, "val_action_l1_loss": "", "val_total_loss": "", "learning_rate": 0.0001, "time_per_step": 0.22170168696902692}
{"step": 5400, "train_action_l1_loss": 0.05221373215317726, "total_loss": 0.05606860667467117, "val_action_l1_loss": "", "val_total_loss": "", "learning_rate": 0.0001, "time_per_step": 0.19054838293232024}
{"step": 5500, "train_action_l1_loss": 0.04708525538444519, "total_loss": 0.05369853973388672, "val_action_l1_loss": "", "val_total_loss": "", "learning_rate": 0.0001, "time_per_step": 0.1952652521431446}
{"step": 5600, "train_action_l1_loss": 0.04874179884791374, "total_loss": 0.05577220022678375, "val_action_l1_loss": "", "val_total_loss": "", "learning_rate": 0.0001, "time_per_step": 0.20211289799772203}
{"step": 5700, "train_action_l1_loss": 0.05223759636282921, "total_loss": 0.055578842759132385, "val_action_l1_loss": "", "val_total_loss": "", "learning_rate": 0.0001, "time_per_step": 0.20063188392668962}
{"step": 5800, "train_action_l1_loss": 0.05731095373630524, "total_loss": 0.06379798799753189, "val_action_l1_loss": "", "val_total_loss": "", "learning_rate": 0.0001, "time_per_step": 0.20048360200598836}
{"step": 5900, "train_action_l1_loss": 0.053495101630687714, "total_loss": 0.05618448555469513, "val_action_l1_loss": "", "val_total_loss": "", "learning_rate": 0.0001, "time_per_step": 0.2012019050307572}
{"step": 6000, "train_action_l1_loss": 0.053544554859399796, "total_loss": 0.057224154472351074, "val_action_l1_loss": 0.048645504377782346, "val_total_loss": 0.054965106397867204, "learning_rate": 0.0001, "time_per_step": 0.20150421909056604}
{"step": 6100, "train_action_l1_loss": 0.0495176687836647, "total_loss": 0.054240018129348755, "val_action_l1_loss": "", "val_total_loss": "", "learning_rate": 0.0001, "time_per_step": 0.20277922810055315}
{"step": 6200, "train_action_l1_loss": 0.051573824137449265, "total_loss": 0.0559801310300827, "val_action_l1_loss": "", "val_total_loss": "", "learning_rate": 0.0001, "time_per_step": 0.1964777340181172}
{"step": 6300, "train_action_l1_loss": 0.04844340309500694, "total_loss": 0.05193587765097618, "val_action_l1_loss": "", "val_total_loss": "", "learning_rate": 0.0001, "time_per_step": 0.20084548089653254}
{"step": 6400, "train_action_l1_loss": 0.04408079758286476, "total_loss": 0.04700036719441414, "val_action_l1_loss": "", "val_total_loss": "", "learning_rate": 0.0001, "time_per_step": 0.2043562380131334}
{"step": 6500, "train_action_l1_loss": 0.048407286405563354, "total_loss": 0.05400010570883751, "val_action_l1_loss": "", "val_total_loss": "", "learning_rate": 0.0001, "time_per_step": 0.19355884613469243}
{"step": 6600, "train_action_l1_loss": 0.04971390217542648, "total_loss": 0.055376868695020676, "val_action_l1_loss": "", "val_total_loss": "", "learning_rate": 0.0001, "time_per_step": 0.22935983003117144}
{"step": 6700, "train_action_l1_loss": 0.0463968887925148, "total_loss": 0.04958990961313248, "val_action_l1_loss": "", "val_total_loss": "", "learning_rate": 0.0001, "time_per_step": 0.19835585891269147}
{"step": 6800, "train_action_l1_loss": 0.049706388264894485, "total_loss": 0.052730292081832886, "val_action_l1_loss": "", "val_total_loss": "", "learning_rate": 0.0001, "time_per_step": 0.20799201703630388}
{"step": 6900, "train_action_l1_loss": 0.04585355520248413, "total_loss": 0.04965623468160629, "val_action_l1_loss": "", "val_total_loss": "", "learning_rate": 0.0001, "time_per_step": 0.1993418810889125}
{"step": 7000, "train_action_l1_loss": 0.047685083001852036, "total_loss": 0.05244414135813713, "val_action_l1_loss": 0.04777330216020346, "val_total_loss": 0.05170662980526686, "learning_rate": 0.0001, "time_per_step": 0.20338267693296075}
{"step": 7100, "train_action_l1_loss": 0.04541587829589844, "total_loss": 0.04852017015218735, "val_action_l1_loss": "", "val_total_loss": "", "learning_rate": 0.0001, "time_per_step": 0.19506318913772702}
{"step": 7200, "train_action_l1_loss": 0.04763682559132576, "total_loss": 0.05306604877114296, "val_action_l1_loss": "", "val_total_loss": "", "learning_rate": 0.0001, "time_per_step": 0.20150540303438902}
{"step": 7300, "train_action_l1_loss": 0.04724323749542236, "total_loss": 0.05032236501574516, "val_action_l1_loss": "", "val_total_loss": "", "learning_rate": 0.0001, "time_per_step": 0.19489974807947874}
{"step": 7400, "train_action_l1_loss": 0.046655796468257904, "total_loss": 0.05012166127562523, "val_action_l1_loss": "", "val_total_loss": "", "learning_rate": 0.0001, "time_per_step": 0.20388405094854534}
{"step": 7500, "train_action_l1_loss": 0.042590267956256866, "total_loss": 0.04653823748230934, "val_action_l1_loss": "", "val_total_loss": "", "learning_rate": 0.0001, "time_per_step": 0.2220950007904321}
{"step": 7600, "train_action_l1_loss": 0.048382557928562164, "total_loss": 0.052685778588056564, "val_action_l1_loss": "", "val_total_loss": "", "learning_rate": 0.0001, "time_per_step": 0.20258701988495886}
{"step": 7700, "train_action_l1_loss": 0.048473384231328964, "total_loss": 0.052606236189603806, "val_action_l1_loss": "", "val_total_loss": "", "learning_rate": 0.0001, "time_per_step": 0.19529947103001177}
{"step": 7800, "train_action_l1_loss": 0.04799514263868332, "total_loss": 0.05071692913770676, "val_action_l1_loss": "", "val_total_loss": "", "learning_rate": 0.0001, "time_per_step": 0.19987879996187985}
{"step": 7900, "train_action_l1_loss": 0.04788056015968323, "total_loss": 0.05468275398015976, "val_action_l1_loss": "", "val_total_loss": "", "learning_rate": 0.0001, "time_per_step": 0.2018340181093663}wandb: uploading artifact act_ABC_seed45_train_metrics; uploading artifact act_ABC_seed45_final_checkpoint; updating run metadata
wandb: uploading artifact act_ABC_seed45_train_metrics; uploading artifact act_ABC_seed45_final_checkpoint; updating run metadata; uploading output.log; uploading wandb-summary.json
wandb: uploading artifact act_ABC_seed45_train_metrics; uploading artifact act_ABC_seed45_final_checkpoint; updating run metadata
wandb: uploading artifact act_ABC_seed45_train_metrics; uploading artifact act_ABC_seed45_final_checkpoint
wandb: uploading artifact act_ABC_seed45_train_metrics; uploading artifact act_ABC_seed45_final_checkpoint; uploading config.yaml
wandb: uploading artifact act_ABC_seed45_train_metrics; uploading artifact act_ABC_seed45_final_checkpoint
wandb: uploading artifact act_ABC_seed45_final_checkpoint
wandb: uploading artifact act_ABC_seed45_final_checkpoint; uploading history steps 9999-9999, summary
wandb: uploading artifact act_ABC_seed45_final_checkpoint
wandb: uploading artifact act_ABC_seed45_final_checkpoint; uploading data
wandb: uploading artifact act_ABC_seed45_final_checkpoint
wandb: uploading artifact act_ABC_seed45_final_checkpoint; uploading data
wandb: uploading artifact act_ABC_seed45_final_checkpoint
wandb: uploading artifact act_ABC_seed45_final_checkpoint; uploading data
wandb: uploading artifact act_ABC_seed45_final_checkpoint
wandb: uploading artifact act_ABC_seed45_final_checkpoint; uploading data
wandb: uploading artifact act_ABC_seed45_final_checkpoint
wandb: uploading artifact act_ABC_seed45_final_checkpoint; uploading data
wandb: uploading artifact act_ABC_seed45_final_checkpoint
wandb: uploading artifact act_ABC_seed45_final_checkpoint; uploading data
wandb: uploading artifact act_ABC_seed45_final_checkpoint
wandb: uploading artifact act_ABC_seed45_final_checkpoint; uploading data
wandb: uploading artifact act_ABC_seed45_final_checkpoint
wandb: uploading artifact act_ABC_seed45_final_checkpoint; uploading data
wandb: uploading artifact act_ABC_seed45_final_checkpoint
wandb: uploading artifact act_ABC_seed45_final_checkpoint; uploading data
wandb: uploading artifact act_ABC_seed45_final_checkpoint
wandb: uploading artifact act_ABC_seed45_final_checkpoint; uploading data
wandb: uploading artifact act_ABC_seed45_final_checkpoint
wandb: uploading artifact act_ABC_seed45_final_checkpoint; uploading data
wandb: uploading artifact act_ABC_seed45_final_checkpoint
wandb: uploading artifact act_ABC_seed45_final_checkpoint; uploading data
wandb: uploading artifact act_ABC_seed45_final_checkpoint
wandb: uploading artifact act_ABC_seed45_final_checkpoint; uploading data
wandb: uploading artifact act_ABC_seed45_final_checkpoint
wandb: uploading artifact act_ABC_seed45_final_checkpoint; uploading data
wandb: uploading artifact act_ABC_seed45_final_checkpoint
wandb: uploading artifact act_ABC_seed45_final_checkpoint; uploading data
wandb: uploading artifact act_ABC_seed45_final_checkpoint
wandb: uploading artifact act_ABC_seed45_final_checkpoint; uploading data
wandb: uploading artifact act_ABC_seed45_final_checkpoint
wandb: uploading artifact act_ABC_seed45_final_checkpoint; uploading data
wandb: uploading data
wandb: 
wandb: Run history:
wandb:        train/learning_rate ▁▁▁▁▁▁▁▁▁▁▁▁▁▁▁▁▁▁▁▁▁▁▁▁▁▁▁▁▁▁▁▁▁▁▁▁▁▁▁▁
wandb:        train/time_per_step ▄▄▄▅▄▅▅▃▅▄▄▅▄▃▄▄▆▃▃▄▄▇▄█▄▄▃▇▅▃▇▄▄▄▇▄▅▄▄▁
wandb:           train/total_loss █▂▁▁▁▁▁▁▁▁▁▁▁▁▁▁▁▁▁▁▁▁▁▁▁▁▁▁▁▁▁▁▁▁▁▁▁▁▁▁
wandb: train/train_action_l1_loss █▄▅▅▄▄▅▅▄▃▃▃▄▄▃▃▂▂▃▂▁▂▂▂▃▃▃▂▃▃▂▂▂▁▂▂▁▁▂▂
wandb:         val/action_l1_loss █▁▁▁▁▁▁▁▁▁▁
wandb:             val/total_loss █▁▁▁▁▁▁▁▁▁▁
wandb: 
wandb: Run summary:
wandb:        train/learning_rate 0.0001
wandb:        train/time_per_step 0.17215
wandb:           train/total_loss 0.04405
wandb: train/train_action_l1_loss 0.04338
wandb:         val/action_l1_loss 0.04468
wandb:             val/total_loss 0.04628
wandb: 
wandb: 🚀 View run act_ABC_seed45 at: https://wandb.ai/9902030608jac-fudan/task2_lerobot_act_calvin/runs/shgsul6g
wandb: ⭐️ View project at: https://wandb.ai/9902030608jac-fudan/task2_lerobot_act_calvin
wandb: Synced 5 W&B file(s), 0 media file(s), 4 artifact file(s) and 0 other file(s)
wandb: Find logs at: ./wandb/wandb/run-20260618_094641-shgsul6g/logs

{"step": 8000, "train_action_l1_loss": 0.04667557403445244, "total_loss": 0.048589177429676056, "val_action_l1_loss": 0.04698622524738312, "val_total_loss": 0.04897206481546164, "learning_rate": 0.0001, "time_per_step": 0.2304258591029793}
{"step": 8100, "train_action_l1_loss": 0.049470994621515274, "total_loss": 0.05219074711203575, "val_action_l1_loss": "", "val_total_loss": "", "learning_rate": 0.0001, "time_per_step": 0.19568966887891293}
{"step": 8200, "train_action_l1_loss": 0.04413077235221863, "total_loss": 0.04685096815228462, "val_action_l1_loss": "", "val_total_loss": "", "learning_rate": 0.0001, "time_per_step": 0.20177325094118714}
{"step": 8300, "train_action_l1_loss": 0.044746048748493195, "total_loss": 0.04617492854595184, "val_action_l1_loss": "", "val_total_loss": "", "learning_rate": 0.0001, "time_per_step": 0.20545193902216852}
{"step": 8400, "train_action_l1_loss": 0.04517007991671562, "total_loss": 0.05065616965293884, "val_action_l1_loss": "", "val_total_loss": "", "learning_rate": 0.0001, "time_per_step": 0.20174044906161726}
{"step": 8500, "train_action_l1_loss": 0.04282619059085846, "total_loss": 0.043902963399887085, "val_action_l1_loss": "", "val_total_loss": "", "learning_rate": 0.0001, "time_per_step": 0.21375239500775933}
{"step": 8600, "train_action_l1_loss": 0.048560287803411484, "total_loss": 0.05097009241580963, "val_action_l1_loss": "", "val_total_loss": "", "learning_rate": 0.0001, "time_per_step": 0.2025568769313395}
{"step": 8700, "train_action_l1_loss": 0.04756287485361099, "total_loss": 0.05049610882997513, "val_action_l1_loss": "", "val_total_loss": "", "learning_rate": 0.0001, "time_per_step": 0.19674206990748644}
{"step": 8800, "train_action_l1_loss": 0.03863346576690674, "total_loss": 0.03994431346654892, "val_action_l1_loss": "", "val_total_loss": "", "learning_rate": 0.0001, "time_per_step": 0.19787973607890308}
{"step": 8900, "train_action_l1_loss": 0.04577258601784706, "total_loss": 0.04724550619721413, "val_action_l1_loss": "", "val_total_loss": "", "learning_rate": 0.0001, "time_per_step": 0.1981130400672555}
{"step": 9000, "train_action_l1_loss": 0.041393619030714035, "total_loss": 0.04280060902237892, "val_action_l1_loss": 0.045548976957798006, "val_total_loss": 0.049233002588152885, "learning_rate": 0.0001, "time_per_step": 0.2196194799616933}
{"step": 9100, "train_action_l1_loss": 0.04995870217680931, "total_loss": 0.05097050592303276, "val_action_l1_loss": "", "val_total_loss": "", "learning_rate": 0.0001, "time_per_step": 0.19558758498169482}
{"step": 9200, "train_action_l1_loss": 0.044476643204689026, "total_loss": 0.04604088515043259, "val_action_l1_loss": "", "val_total_loss": "", "learning_rate": 0.0001, "time_per_step": 0.20162830804474652}
{"step": 9300, "train_action_l1_loss": 0.04272766411304474, "total_loss": 0.044118862599134445, "val_action_l1_loss": "", "val_total_loss": "", "learning_rate": 0.0001, "time_per_step": 0.2009878591634333}
{"step": 9400, "train_action_l1_loss": 0.045822665095329285, "total_loss": 0.047889530658721924, "val_action_l1_loss": "", "val_total_loss": "", "learning_rate": 0.0001, "time_per_step": 0.2004429828375578}
{"step": 9500, "train_action_l1_loss": 0.051958322525024414, "total_loss": 0.05472825467586517, "val_action_l1_loss": "", "val_total_loss": "", "learning_rate": 0.0001, "time_per_step": 0.17323606996797025}
{"step": 9600, "train_action_l1_loss": 0.04683573916554451, "total_loss": 0.04897477850317955, "val_action_l1_loss": "", "val_total_loss": "", "learning_rate": 0.0001, "time_per_step": 0.17466065706685185}
{"step": 9700, "train_action_l1_loss": 0.04642774909734726, "total_loss": 0.04825640469789505, "val_action_l1_loss": "", "val_total_loss": "", "learning_rate": 0.0001, "time_per_step": 0.1763073110487312}
{"step": 9800, "train_action_l1_loss": 0.04564812034368515, "total_loss": 0.04735034704208374, "val_action_l1_loss": "", "val_total_loss": "", "learning_rate": 0.0001, "time_per_step": 0.17721185693517327}
{"step": 9900, "train_action_l1_loss": 0.043404459953308105, "total_loss": 0.04595506936311722, "val_action_l1_loss": "", "val_total_loss": "", "learning_rate": 0.0001, "time_per_step": 0.1710890498943627}
{"step": 10000, "train_action_l1_loss": 0.043376997113227844, "total_loss": 0.0440533384680748, "val_action_l1_loss": 0.04467576555907726, "val_total_loss": 0.04627972766757012, "learning_rate": 0.0001, "time_per_step": 0.17214519600383937}
{
  "status": "ok",
  "run_name": "act_ABC_seed45",
  "num_train_steps": 10000,
  "metrics_path": "/data/jacicon/task2_lerobot_act_calvin/outputs/train/act_ABC_seed45/train_metrics.csv",
  "last_periodic_checkpoint": "/data/jacicon/task2_lerobot_act_calvin/outputs/train/act_ABC_seed45/checkpoints/step_010000",
  "final_checkpoint": "/data/jacicon/task2_lerobot_act_calvin/outputs/train/act_ABC_seed45/checkpoints/final",
  "device": "cuda",
  "dataset_size": 1071743,
  "train_dataset_size": 964569,
  "val_dataset_size": 107174,
  "wandb_run_url": "https://wandb.ai/9902030608jac-fudan/task2_lerobot_act_calvin/runs/shgsul6g",
  "config_snapshot": "/data/jacicon/task2_lerobot_act_calvin/outputs/train/act_ABC_seed45/config_snapshot.yaml"
}
